// 重构日志: e02e087e
// 重构日志: 7f591bab
// 重构日志: 717b6327
// 同步 ID: 57a46bea @ Sun Jun 21 11:18:51 UTC 2026
// 重构日志: b8270fb3
// 重构日志: 5bfe0646
// 同步 ID: 207b081c @ Fri Jun 26 17:30:14 UTC 2026
// 同步 ID: ac95156a @ Tue Jun 30 22:59:58 UTC 2026
// 同步 ID: 6e7a8584 @ Fri Jul  3 11:04:25 UTC 2026
// 同步 ID: 8e06a5c9 @ Sun Jul  5 22:41:17 UTC 2026
// 同步 ID: ab2a9f3d @ Fri Jul 10 11:11:24 UTC 2026
// 重构日志: 79d25e2c
// 重构日志: 994c2b6a
// 同步 ID: eb88f53a @ Mon Jul 13 11:02:36 UTC 2026
// 同步 ID: bc4c11d9 @ Tue Jul 14 20:19:35 UTC 2026
// 重构日志: 6af076c5
// 同步 ID: edaf2f4b @ Wed Jul 15 16:22:46 UTC 2026
// 重构日志: 66221877
// 重构日志: 60e90ea8
// 同步 ID: 1eb8b886 @ Sat Jul 18 04:18:07 UTC 2026
// 同步 ID: 777431ca @ Sat Jul 18 17:07:14 UTC 2026
// 同步 ID: 0cdae8b4 @ Sun Jul 19 12:22:30 UTC 2026
// 重构日志: 84203668
// 同步 ID: 7295a997 @ Sun Jul 19 17:37:36 UTC 2026
// 重构日志: 06b9e89b
// 同步 ID: 30eba345 @ Mon Jul 20 11:50:47 UTC 2026
// 重构日志: 28679d04
// 重构日志: 2c11183b
